c:\users\barry\documents\sdgj2020\external-projects\box2d-proj\src\box2d.dir\release\b2_chain_circle_contact.obj
c:\users\barry\documents\sdgj2020\external-projects\box2d-proj\src\box2d.dir\release\b2_body.obj
c:\users\barry\documents\sdgj2020\external-projects\box2d-proj\src\box2d.dir\release\b2_timer.obj
c:\users\barry\documents\sdgj2020\external-projects\box2d-proj\src\box2d.dir\release\b2_stack_allocator.obj
c:\users\barry\documents\sdgj2020\external-projects\box2d-proj\src\box2d.dir\release\b2_settings.obj
c:\users\barry\documents\sdgj2020\external-projects\box2d-proj\src\box2d.dir\release\b2_math.obj
c:\users\barry\documents\sdgj2020\external-projects\box2d-proj\src\box2d.dir\release\b2_draw.obj
c:\users\barry\documents\sdgj2020\external-projects\box2d-proj\src\box2d.dir\release\b2_block_allocator.obj
c:\users\barry\documents\sdgj2020\external-projects\box2d-proj\src\box2d.dir\release\b2_time_of_impact.obj
c:\users\barry\documents\sdgj2020\external-projects\box2d-proj\src\box2d.dir\release\b2_polygon_shape.obj
c:\users\barry\documents\sdgj2020\external-projects\box2d-proj\src\box2d.dir\release\b2_edge_shape.obj
c:\users\barry\documents\sdgj2020\external-projects\box2d-proj\src\box2d.dir\release\b2_dynamic_tree.obj
c:\users\barry\documents\sdgj2020\external-projects\box2d-proj\src\box2d.dir\release\b2_distance.obj
c:\users\barry\documents\sdgj2020\external-projects\box2d-proj\src\box2d.dir\release\b2_collision.obj
c:\users\barry\documents\sdgj2020\external-projects\box2d-proj\src\box2d.dir\release\b2_collide_polygon.obj
c:\users\barry\documents\sdgj2020\external-projects\box2d-proj\src\box2d.dir\release\b2_collide_edge.obj
c:\users\barry\documents\sdgj2020\external-projects\box2d-proj\src\box2d.dir\release\b2_collide_circle.obj
c:\users\barry\documents\sdgj2020\external-projects\box2d-proj\src\box2d.dir\release\b2_circle_shape.obj
c:\users\barry\documents\sdgj2020\external-projects\box2d-proj\src\box2d.dir\release\b2_chain_shape.obj
c:\users\barry\documents\sdgj2020\external-projects\box2d-proj\src\box2d.dir\release\b2_broad_phase.obj
c:\users\barry\documents\sdgj2020\external-projects\box2d-proj\src\box2d.dir\release\b2_revolute_joint.obj
c:\users\barry\documents\sdgj2020\external-projects\box2d-proj\src\box2d.dir\release\b2_pulley_joint.obj
c:\users\barry\documents\sdgj2020\external-projects\box2d-proj\src\box2d.dir\release\b2_prismatic_joint.obj
c:\users\barry\documents\sdgj2020\external-projects\box2d-proj\src\box2d.dir\release\b2_polygon_contact.obj
c:\users\barry\documents\sdgj2020\external-projects\box2d-proj\src\box2d.dir\release\b2_polygon_circle_contact.obj
c:\users\barry\documents\sdgj2020\external-projects\box2d-proj\src\box2d.dir\release\b2_mouse_joint.obj
c:\users\barry\documents\sdgj2020\external-projects\box2d-proj\src\box2d.dir\release\b2_motor_joint.obj
c:\users\barry\documents\sdgj2020\external-projects\box2d-proj\src\box2d.dir\release\b2_joint.obj
c:\users\barry\documents\sdgj2020\external-projects\box2d-proj\src\box2d.dir\release\b2_island.obj
c:\users\barry\documents\sdgj2020\external-projects\box2d-proj\src\box2d.dir\release\b2_gear_joint.obj
c:\users\barry\documents\sdgj2020\external-projects\box2d-proj\src\box2d.dir\release\b2_friction_joint.obj
c:\users\barry\documents\sdgj2020\external-projects\box2d-proj\src\box2d.dir\release\b2_fixture.obj
c:\users\barry\documents\sdgj2020\external-projects\box2d-proj\src\box2d.dir\release\b2_edge_polygon_contact.obj
c:\users\barry\documents\sdgj2020\external-projects\box2d-proj\src\box2d.dir\release\b2_edge_circle_contact.obj
c:\users\barry\documents\sdgj2020\external-projects\box2d-proj\src\box2d.dir\release\b2_distance_joint.obj
c:\users\barry\documents\sdgj2020\external-projects\box2d-proj\src\box2d.dir\release\b2_contact_solver.obj
c:\users\barry\documents\sdgj2020\external-projects\box2d-proj\src\box2d.dir\release\b2_contact_manager.obj
c:\users\barry\documents\sdgj2020\external-projects\box2d-proj\src\box2d.dir\release\b2_contact.obj
c:\users\barry\documents\sdgj2020\external-projects\box2d-proj\src\box2d.dir\release\b2_circle_contact.obj
c:\users\barry\documents\sdgj2020\external-projects\box2d-proj\src\box2d.dir\release\b2_chain_polygon_contact.obj
c:\users\barry\documents\sdgj2020\external-projects\box2d-proj\src\box2d.dir\release\b2_rope.obj
c:\users\barry\documents\sdgj2020\external-projects\box2d-proj\src\box2d.dir\release\b2_world_callbacks.obj
c:\users\barry\documents\sdgj2020\external-projects\box2d-proj\src\box2d.dir\release\b2_world.obj
c:\users\barry\documents\sdgj2020\external-projects\box2d-proj\src\box2d.dir\release\b2_wheel_joint.obj
c:\users\barry\documents\sdgj2020\external-projects\box2d-proj\src\box2d.dir\release\b2_weld_joint.obj
c:\users\barry\documents\sdgj2020\external-projects\box2d-proj\src\box2d.dir\release\b2_rope_joint.obj
c:\users\barry\documents\sdgj2020\external-projects\box2d-proj\src\cmakefiles\generate.stamp
c:\users\barry\documents\sdgj2020\external-projects\box2d-proj\src\release\box2d.lib
c:\users\barry\documents\sdgj2020\external-projects\box2d-proj\src\\release\box2d.lib
c:\users\barry\documents\sdgj2020\external-projects\box2d-proj\src\box2d.dir\release\box2d.tlog\cl.command.1.tlog
c:\users\barry\documents\sdgj2020\external-projects\box2d-proj\src\box2d.dir\release\box2d.tlog\cl.read.1.tlog
c:\users\barry\documents\sdgj2020\external-projects\box2d-proj\src\box2d.dir\release\box2d.tlog\cl.write.1.tlog
c:\users\barry\documents\sdgj2020\external-projects\box2d-proj\src\box2d.dir\release\box2d.tlog\custombuild.command.1.tlog
c:\users\barry\documents\sdgj2020\external-projects\box2d-proj\src\box2d.dir\release\box2d.tlog\custombuild.read.1.tlog
c:\users\barry\documents\sdgj2020\external-projects\box2d-proj\src\box2d.dir\release\box2d.tlog\custombuild.write.1.tlog
c:\users\barry\documents\sdgj2020\external-projects\box2d-proj\src\box2d.dir\release\box2d.tlog\lib-link.read.1.tlog
c:\users\barry\documents\sdgj2020\external-projects\box2d-proj\src\box2d.dir\release\box2d.tlog\lib-link.write.1.tlog
c:\users\barry\documents\sdgj2020\external-projects\box2d-proj\src\box2d.dir\release\box2d.tlog\lib.command.1.tlog
