  game.cpp
  window.cpp
  main.cpp
  Generating code
  Previous IPDB not found, fall back to full compilation.
  All 20 functions were compiled because no usable IPDB/IOBJ from previous compilation was found.
  Finished generating code
  SDGJ2020.vcxproj -> G:\Program Files\GitHub\SDGJ2020\SDGJ2020\intermediate\SDGJ2020.exe
  
  -------------------------------------------------------------------------------
     ROBOCOPY     ::     Robust File Copy for Windows                              
  -------------------------------------------------------------------------------
  
    Started : Monday, August 3, 2020 9:34:15 AM
     Source : G:\Program Files\GitHub\SDGJ2020\SDGJ2020\bin\
       Dest : G:\Program Files\GitHub\SDGJ2020\SDGJ2020\build\release\
  
      Files : *.*
  	    
    Options : *.* /S /DCOPY:DA /COPY:DAT /R:1000000 /W:30 
  
  ------------------------------------------------------------------------------
  
  	  New Dir          5	G:\Program Files\GitHub\SDGJ2020\SDGJ2020\bin\
  	    New File  		  282112	box2d.dll
    0%  
   46%  
   92%  
  100%  
  	    New File  		  422912	glew32.dll
    0%  
   30%  
   61%  
   92%  
  100%  
  	    New File  		  539648	glewinfo.exe
    0%  
   48%  
   97%  
  100%  
  	    New File  		   1.4 m	SDL2.dll
    0%  
   17%  
   35%  
   53%  
   71%  
   89%  
  100%  
  	    New File  		  338432	visualinfo.exe
    0%  
   38%  
   77%  
  100%  
  
  ------------------------------------------------------------------------------
  
                 Total    Copied   Skipped  Mismatch    FAILED    Extras
      Dirs :         1         1         0         0         0         0
     Files :         5         5         0         0         0         0
     Bytes :    2.91 m    2.91 m         0         0         0         0
     Times :   0:00:00   0:00:00                       0:00:00   0:00:00
  
  
     Speed :            72728380 Bytes/sec.
     Speed :            4161.551 MegaBytes/min.
     Ended : Monday, August 3, 2020 9:34:15 AM
  
  
  -------------------------------------------------------------------------------
     ROBOCOPY     ::     Robust File Copy for Windows                              
  -------------------------------------------------------------------------------
  
    Started : Monday, August 3, 2020 9:34:15 AM
     Source : G:\Program Files\GitHub\SDGJ2020\SDGJ2020\intermediate\
       Dest : G:\Program Files\GitHub\SDGJ2020\SDGJ2020\build\release\
  
      Files : *.*
  	    
    Options : *.* /S /DCOPY:DA /COPY:DAT /R:1000000 /W:30 
  
  ------------------------------------------------------------------------------
  
  	                   4	G:\Program Files\GitHub\SDGJ2020\SDGJ2020\intermediate\
  	  *EXTRA File 		  282112	box2d.dll
  	  *EXTRA File 		  422912	glew32.dll
  	  *EXTRA File 		  539648	glewinfo.exe
  	  *EXTRA File 		   1.4 m	SDL2.dll
  	  *EXTRA File 		  338432	visualinfo.exe
  	    New File  		   14848	SDGJ2020.exe
    0%  
  100%  
  	    New File  		   45947	SDGJ2020.iobj
    0%  
  100%  
  	    New File  		   23680	SDGJ2020.ipdb
    0%  
  100%  
  	    New File  		  536576	SDGJ2020.pdb
    0%  
   48%  
   97%  
  100%  
  
  ------------------------------------------------------------------------------
  
                 Total    Copied   Skipped  Mismatch    FAILED    Extras
      Dirs :         1         0         1         0         0         0
     Files :         4         4         0         0         0         5
     Bytes :   606.4 k   606.4 k         0         0         0    2.91 m
     Times :   0:00:00   0:00:00                       0:00:00   0:00:00
  
  
     Speed :            51754250 Bytes/sec.
     Speed :            2961.401 MegaBytes/min.
     Ended : Monday, August 3, 2020 9:34:15 AM
  
